<?xml version="1.0" encoding="UTF-8"?>
<!-- Generated by org.testng.reporters.JUnitReportReporter -->
<testsuite hostname="AVNRED666-PC" failures="0" tests="2" name="testrunner.TestRunner" time="13.734" errors="0" timestamp="2023-01-22T20:52:21 IST" skipped="0">
  <testcase classname="testrunner.TestRunner" name="runScenario" time="8.634"/>
  <system-out/>
  <testcase classname="testrunner.TestRunner" name="runScenario" time="5.100"/>
  <system-out/>
</testsuite> <!-- testrunner.TestRunner -->
