<?xml version="1.0" encoding="UTF-8"?>
<!-- Generated by org.testng.reporters.JUnitReportReporter -->
<testsuite hostname="AVNRED666-PC" failures="0" tests="2" name="testrunner.TestRunner" time="12.916" errors="0" timestamp="2023-01-22T19:18:38 IST" skipped="0">
  <testcase classname="testrunner.TestRunner" name="runScenario" time="7.800"/>
  <system-out/>
  <testcase classname="testrunner.TestRunner" name="runScenario" time="5.116"/>
  <system-out/>
</testsuite> <!-- testrunner.TestRunner -->
